[debug] [2023-01-02T02:21:38.413Z] ----------------------------------------------------------------------
[debug] [2023-01-02T02:21:38.414Z] Command:       C:\Program Files\nodejs\node.exe C:\Users\eriss\AppData\Roaming\npm\node_modules\firebase-tools\lib\bin\firebase.js init
[debug] [2023-01-02T02:21:38.415Z] CLI Version:   11.19.0
[debug] [2023-01-02T02:21:38.415Z] Platform:      win32
[debug] [2023-01-02T02:21:38.415Z] Node Version:  v16.18.0
[debug] [2023-01-02T02:21:38.430Z] Time:          Mon Jan 02 2023 09:21:38 GMT+0700 (Western Indonesia Time)
[debug] [2023-01-02T02:21:38.430Z] ----------------------------------------------------------------------
[debug] 
[debug] [2023-01-02T02:21:38.434Z] >>> [apiv2][query] GET https://firebase-public.firebaseio.com/cli.json [none]
[debug] [2023-01-02T02:21:38.451Z] > command requires scopes: ["email","openid","https://www.googleapis.com/auth/cloudplatformprojects.readonly","https://www.googleapis.com/auth/firebase","https://www.googleapis.com/auth/cloud-platform"]
[debug] [2023-01-02T02:21:38.451Z] > authorizing via signed-in user (erissusanto997@gmail.com)
[info] 
     ######## #### ########  ######## ########     ###     ######  ########
     ##        ##  ##     ## ##       ##     ##  ##   ##  ##       ##
     ######    ##  ########  ######   ########  #########  ######  ######
     ##        ##  ##    ##  ##       ##     ## ##     ##       ## ##
     ##       #### ##     ## ######## ########  ##     ##  ######  ########

You're about to initialize a Firebase project in this directory:

  C:\Users\eriss\OneDrive\Desktop\Hacktiv8\phase2-repeat\week1\p2-cms-on-vuejs-client

[debug] [2023-01-02T02:21:39.054Z] <<< [apiv2][status] GET https://firebase-public.firebaseio.com/cli.json 200
[debug] [2023-01-02T02:21:39.054Z] <<< [apiv2][body] GET https://firebase-public.firebaseio.com/cli.json {"cloudBuildErrorAfter":1594252800000,"cloudBuildWarnAfter":1590019200000,"defaultNode10After":1594252800000,"minVersion":"3.0.5","node8DeploysDisabledAfter":1613390400000,"node8RuntimeDisabledAfter":1615809600000,"node8WarnAfter":1600128000000}
